# JRE version: Java(TM) SE Runtime Environment (8.0_66-b17) (build 1.8.0_66-b17)
# Java VM: Java HotSpot(TM) 64-Bit Server VM (25.66-b17 mixed mode linux-amd64 compressed oops)
Heap:
 par new generation   total 309056K, used 254957K [0x00007fa7eb800000, 0x00007fa800750000, 0x00007fa815190000)
  eden space 274752K,  84% used [0x00007fa7eb800000, 0x00007fa7f9b27898, 0x00007fa7fc450000)
  from space 34304K,  65% used [0x00007fa7fe5d0000, 0x00007fa7ffba3c60, 0x00007fa800750000)
  to   space 34304K,   0% used [0x00007fa7fc450000, 0x00007fa7fc450000, 0x00007fa7fe5d0000)
 concurrent mark-sweep generation total 1471812K, used 895620K [0x00007fa815190000, 0x00007fa86eee1000, 0x00007fafdc000000)
 Metaspace       used 73205K, capacity 74690K, committed 75160K, reserved 1114112K
  class space    used 10300K, capacity 10814K, committed 10824K, reserved 1048576K
GC Heap History (10 events):
Event: 201.093 GC heap before
{Heap before GC invocations=22 (full 8):
 par new generation   total 309056K, used 309056K [0x00007fa7eb800000, 0x00007fa800750000, 0x00007fa815190000)
  eden space 274752K, 100% used [0x00007fa7eb800000, 0x00007fa7fc450000, 0x00007fa7fc450000)
  from space 34304K, 100% used [0x00007fa7fc450000, 0x00007fa7fe5d0000, 0x00007fa7fe5d0000)
  to   space 34304K,   0% used [0x00007fa7fe5d0000, 0x00007fa7fe5d0000, 0x00007fa800750000)
 concurrent mark-sweep generation total 1449036K, used 869049K [0x00007fa815190000, 0x00007fa86d8a3000, 0x00007fafdc000000)
 Metaspace       used 73176K, capacity 74620K, committed 74904K, reserved 1114112K
  class space    used 10297K, capacity 10813K, committed 10824K, reserved 1048576K
Event: 201.190 GC heap after
Heap after GC invocations=23 (full 8):
 par new generation   total 309056K, used 30728K [0x00007fa7eb800000, 0x00007fa800750000, 0x00007fa815190000)
  eden space 274752K,   0% used [0x00007fa7eb800000, 0x00007fa7eb800000, 0x00007fa7fc450000)
  from space 34304K,  89% used [0x00007fa7fe5d0000, 0x00007fa8003d2148, 0x00007fa800750000)
  to   space 34304K,   0% used [0x00007fa7fc450000, 0x00007fa7fc450000, 0x00007fa7fe5d0000)
 concurrent mark-sweep generation total 1449036K, used 901962K [0x00007fa815190000, 0x00007fa86d8a3000, 0x00007fafdc000000)
 Metaspace       used 73176K, capacity 74620K, committed 74904K, reserved 1114112K
  class space    used 10297K, capacity 10813K, committed 10824K, reserved 1048576K
}
Event: 203.531 GC heap before
{Heap before GC invocations=23 (full 9):
 par new generation   total 309056K, used 305480K [0x00007fa7eb800000, 0x00007fa800750000, 0x00007fa815190000)
  eden space 274752K, 100% used [0x00007fa7eb800000, 0x00007fa7fc450000, 0x00007fa7fc450000)
  from space 34304K,  89% used [0x00007fa7fe5d0000, 0x00007fa8003d2148, 0x00007fa800750000)
  to   space 34304K,   0% used [0x00007fa7fc450000, 0x00007fa7fc450000, 0x00007fa7fe5d0000)
 concurrent mark-sweep generation total 1449036K, used 901962K [0x00007fa815190000, 0x00007fa86d8a3000, 0x00007fafdc000000)
 Metaspace       used 73176K, capacity 74620K, committed 74904K, reserved 1114112K
  class space    used 10297K, capacity 10813K, committed 10824K, reserved 1048576K
Event: 203.549 GC heap after
Heap after GC invocations=24 (full 9):
 par new generation   total 309056K, used 9970K [0x00007fa7eb800000, 0x00007fa800750000, 0x00007fa815190000)
  eden space 274752K,   0% used [0x00007fa7eb800000, 0x00007fa7eb800000, 0x00007fa7fc450000)
  from space 34304K,  29% used [0x00007fa7fc450000, 0x00007fa7fce0cb20, 0x00007fa7fe5d0000)
  to   space 34304K,   0% used [0x00007fa7fe5d0000, 0x00007fa7fe5d0000, 0x00007fa800750000)
 concurrent mark-sweep generation total 1449036K, used 901962K [0x00007fa815190000, 0x00007fa86d8a3000, 0x00007fafdc000000)
 Metaspace       used 73176K, capacity 74620K, committed 74904K, reserved 1114112K
  class space    used 10297K, capacity 10813K, committed 10824K, reserved 1048576K
}
Event: 205.301 GC heap before
{Heap before GC invocations=24 (full 9):
 par new generation   total 309056K, used 284722K [0x00007fa7eb800000, 0x00007fa800750000, 0x00007fa815190000)
  eden space 274752K, 100% used [0x00007fa7eb800000, 0x00007fa7fc450000, 0x00007fa7fc450000)
  from space 34304K,  29% used [0x00007fa7fc450000, 0x00007fa7fce0cb20, 0x00007fa7fe5d0000)
  to   space 34304K,   0% used [0x00007fa7fe5d0000, 0x00007fa7fe5d0000, 0x00007fa800750000)
 concurrent mark-sweep generation total 1449036K, used 901962K [0x00007fa815190000, 0x00007fa86d8a3000, 0x00007fafdc000000)
 Metaspace       used 73177K, capacity 74620K, committed 74904K, reserved 1114112K
  class space    used 10298K, capacity 10813K, committed 10824K, reserved 1048576K
Event: 205.321 GC heap after
Heap after GC invocations=25 (full 9):
 par new generation   total 309056K, used 7937K [0x00007fa7eb800000, 0x00007fa800750000, 0x00007fa815190000)
  eden space 274752K,   0% used [0x00007fa7eb800000, 0x00007fa7eb800000, 0x00007fa7fc450000)
  from space 34304K,  23% used [0x00007fa7fe5d0000, 0x00007fa7fed90728, 0x00007fa800750000)
  to   space 34304K,   0% used [0x00007fa7fc450000, 0x00007fa7fc450000, 0x00007fa7fe5d0000)
 concurrent mark-sweep generation total 1449036K, used 901962K [0x00007fa815190000, 0x00007fa86d8a3000, 0x00007fafdc000000)
 Metaspace       used 73177K, capacity 74620K, committed 74904K, reserved 1114112K
  class space    used 10298K, capacity 10813K, committed 10824K, reserved 1048576K
}
Event: 207.009 GC heap before
{Heap before GC invocations=25 (full 9):
 par new generation   total 309056K, used 282689K [0x00007fa7eb800000, 0x00007fa800750000, 0x00007fa815190000)
  eden space 274752K, 100% used [0x00007fa7eb800000, 0x00007fa7fc450000, 0x00007fa7fc450000)
  from space 34304K,  23% used [0x00007fa7fe5d0000, 0x00007fa7fed90728, 0x00007fa800750000)
  to   space 34304K,   0% used [0x00007fa7fc450000, 0x00007fa7fc450000, 0x00007fa7fe5d0000)
 concurrent mark-sweep generation total 1471812K, used 883085K [0x00007fa815190000, 0x00007fa86eee1000, 0x00007fafdc000000)
 Metaspace       used 73177K, capacity 74620K, committed 74904K, reserved 1114112K
  class space    used 10298K, capacity 10813K, committed 10824K, reserved 1048576K
Event: 207.059 GC heap after
Heap after GC invocations=26 (full 9):
 par new generation   total 309056K, used 24994K [0x00007fa7eb800000, 0x00007fa800750000, 0x00007fa815190000)
  eden space 274752K,   0% used [0x00007fa7eb800000, 0x00007fa7eb800000, 0x00007fa7fc450000)
  from space 34304K,  72% used [0x00007fa7fc450000, 0x00007fa7fdcb8b50, 0x00007fa7fe5d0000)
  to   space 34304K,   0% used [0x00007fa7fe5d0000, 0x00007fa7fe5d0000, 0x00007fa800750000)
 concurrent mark-sweep generation total 1471812K, used 883085K [0x00007fa815190000, 0x00007fa86eee1000, 0x00007fafdc000000)
 Metaspace       used 73177K, capacity 74620K, committed 74904K, reserved 1114112K
  class space    used 10298K, capacity 10813K, committed 10824K, reserved 1048576K
}
Event: 208.035 GC heap before
{Heap before GC invocations=26 (full 9):
 par new generation   total 309056K, used 299746K [0x00007fa7eb800000, 0x00007fa800750000, 0x00007fa815190000)
  eden space 274752K, 100% used [0x00007fa7eb800000, 0x00007fa7fc450000, 0x00007fa7fc450000)
  from space 34304K,  72% used [0x00007fa7fc450000, 0x00007fa7fdcb8b50, 0x00007fa7fe5d0000)
  to   space 34304K,   0% used [0x00007fa7fe5d0000, 0x00007fa7fe5d0000, 0x00007fa800750000)
 concurrent mark-sweep generation total 1471812K, used 883085K [0x00007fa815190000, 0x00007fa86eee1000, 0x00007fafdc000000)
 Metaspace       used 73178K, capacity 74620K, committed 74904K, reserved 1114112K
  class space    used 10298K, capacity 10813K, committed 10824K, reserved 1048576K
Event: 208.083 GC heap after
Heap after GC invocations=27 (full 9):
 par new generation   total 309056K, used 22351K [0x00007fa7eb800000, 0x00007fa800750000, 0x00007fa815190000)
  eden space 274752K,   0% used [0x00007fa7eb800000, 0x00007fa7eb800000, 0x00007fa7fc450000)
  from space 34304K,  65% used [0x00007fa7fe5d0000, 0x00007fa7ffba3c60, 0x00007fa800750000)
  to   space 34304K,   0% used [0x00007fa7fc450000, 0x00007fa7fc450000, 0x00007fa7fe5d0000)
 concurrent mark-sweep generation total 1471812K, used 895620K [0x00007fa815190000, 0x00007fa86eee1000, 0x00007fafdc000000)
 Metaspace       used 73178K, capacity 74620K, committed 74904K, reserved 1114112K
  class space    used 10298K, capacity 10813K, committed 10824K, reserved 1048576K
}

